INFO : 2022-08-30 20:54:56,034 : dataCleaner : __init__ --> data cleaner logger for EDA notebook
INFO : 2022-08-30 21:08:09,624 : dataCleaner : __init__ --> data cleaner logger for EDA notebook
INFO : 2022-08-30 21:10:15,262 : dataCleaner : __init__ --> 

data cleaner logger for EDA notebook
INFO : 2022-08-30 21:11:21,042 : dataCleaner : __init__ --> 

data cleaner logger for EDA notebook
INFO : 2022-08-30 21:13:25,080 : dataCleaner : __init__ --> 

data cleaner logger for EDA notebook
INFO : 2022-08-30 21:20:59,309 : dataCleaner : __init__ --> 

data cleaner logger for EDA notebook
INFO : 2022-08-30 21:21:30,503 : dataCleaner : __init__ --> 

data cleaner logger for EDA notebook
INFO : 2022-08-30 21:21:30,503 : dataCleaner : __init__ --> 

data cleaner logger for EDA notebook
INFO : 2022-08-30 21:21:51,344 : dataCleaner : __init__ --> 

data cleaner logger for EDA notebook
INFO : 2022-08-30 21:25:56,538 : dataCleaner : __init__ --> data cleaner logger for EDA notebook
INFO : 2022-08-30 21:31:12,042 : dataCleaner : __init__ --> data cleaner logger for EDA notebook
INFO : 2022-08-30 21:34:49,780 : dataCleaner : __init__ --> data cleaner logger for EDA notebook
INFO : 2022-08-30 22:08:42,758 : dataCleaner : __init__ --> data cleaner logger for EDA notebook
INFO : 2022-08-30 22:09:34,251 : dataCleaner : __init__ --> data cleaner logger for EDA notebook
INFO : 2022-08-30 22:10:23,896 : dataCleaner : __init__ --> data cleaner logger for EDA notebook
INFO : 2022-08-30 22:30:47,813 : dataCleaner : __init__ --> data cleaner logger for EDA notebook
INFO : 2022-08-30 22:53:51,354 : dataCleaner : __init__ --> data cleaner logger for EDA notebook
INFO : 2022-08-30 23:44:13,279 : dataCleaner : __init__ --> data cleaner logger for EDA notebook
INFO : 2022-08-30 23:52:17,410 : dataCleaner : __init__ --> data cleaner logger for EDA notebook
INFO : 2022-08-30 23:58:00,057 : dataCleaner : __init__ --> data cleaner logger for EDA notebook
INFO : 2022-08-31 10:59:05,303 : dataCleaner : __init__ --> data cleaner logger for EDA notebook
INFO : 2022-08-31 12:18:46,979 : dataCleaner : __init__ --> data cleaner logger for EDA notebook
INFO : 2022-08-31 18:22:07,449 : dataCleaner : __init__ --> data cleaner logger for EDA notebook
INFO : 2022-09-01 19:03:24,947 : dataCleaner : __init__ --> data cleaner logger for EDA notebook
INFO : 2022-09-01 20:50:37,011 : dataCleaner : __init__ --> data cleaner logger for EDA notebook
INFO : 2022-09-01 22:08:51,652 : dataCleaner : __init__ --> 
 ### data cleaner logger for EDA notebook.### 

INFO : 2022-09-01 22:10:05,325 : dataCleaner : __init__ --> 
 ### data cleaner logger for EDA notebook.### 

INFO : 2022-09-01 22:49:02,385 : dataCleaner : __init__ --> 
   #####-->    Data cleaner logger for classical hypothesis testing notebook.   <--#####

INFO : 2022-09-01 23:01:11,155 : dataCleaner : __init__ --> 
    #####-->    Data cleaner logger for classical hypothesis testing notebook    <--#####

INFO : 2022-09-02 11:28:28,671 : dataCleaner : __init__ --> 
    #####-->    Data cleaner logger forclassical hypothesis testing notebook    <--#####

INFO : 2022-09-02 11:37:46,745 : dataCleaner : __init__ --> 
    #####-->    Data cleaner logger forclassical hypothesis testing notebook    <--#####

INFO : 2022-09-02 11:37:46,745 : dataCleaner : __init__ --> 
    #####-->    Data cleaner logger forclassical hypothesis testing notebook    <--#####

INFO : 2022-09-02 11:38:29,160 : dataCleaner : __init__ --> 
    #####-->    Data cleaner logger for classical hypothesis testing notebook    <--#####

INFO : 2022-09-02 11:39:09,991 : dataCleaner : __init__ --> 
    #####-->    Data cleaner logger for classical hypothesis testing notebook    <--#####

INFO : 2022-09-02 11:39:42,859 : dataCleaner : __init__ --> 
    #####-->    Data cleaner logger for classical hypothesis testing notebook    <--#####

INFO : 2022-09-02 12:23:14,496 : dataCleaner : __init__ --> 
    #####-->    Data cleaner logger for classical hypothesis testing notebook    <--#####

INFO : 2022-09-02 13:13:51,886 : dataCleaner : __init__ --> 
    #####-->    Data cleaner logger for classical hypothesis testing notebook    <--#####

INFO : 2022-09-02 15:25:25,370 : dataCleaner : __init__ --> 
    #####-->    Data cleaner logger for classical hypothesis testing notebook    <--#####

INFO : 2022-09-02 15:53:08,671 : dataCleaner : __init__ --> 
    #####-->    Data cleaner logger for classical hypothesis testing notebook    <--#####

INFO : 2022-09-02 16:08:46,530 : dataCleaner : __init__ --> 
    #####-->    Data cleaner logger for classical hypothesis testing notebook    <--#####

INFO : 2022-09-02 16:09:02,302 : dataCleaner : __init__ --> 
    #####-->    Data cleaner logger for sequential hypothesis testing notebook    <--#####

INFO : 2022-09-02 16:09:02,302 : dataCleaner : __init__ --> 
    #####-->    Data cleaner logger for sequential hypothesis testing notebook    <--#####

INFO : 2022-09-02 16:09:32,694 : dataCleaner : __init__ --> 
    #####-->    Data cleaner logger for sequential hypothesis testing notebook    <--#####

INFO : 2022-09-02 16:36:10,301 : dataCleaner : __init__ --> 
    #####-->    Data cleaner logger for sequential hypothesis testing notebook    <--#####

INFO : 2022-09-02 16:36:25,650 : dataCleaner : __init__ --> 
    #####-->    Data cleaner logger for sequential hypothesis testing notebook    <--#####

INFO : 2022-09-02 16:36:25,650 : dataCleaner : __init__ --> 
    #####-->    Data cleaner logger for sequential hypothesis testing notebook    <--#####

INFO : 2022-09-02 16:38:41,645 : dataCleaner : __init__ --> 
    #####-->    Data cleaner logger for sequential hypothesis testing notebook    <--#####

INFO : 2022-09-02 16:39:39,078 : dataCleaner : __init__ --> 
    #####-->    Data cleaner logger for sequential hypothesis testing notebook    <--#####

INFO : 2022-09-02 16:42:15,188 : dataCleaner : __init__ --> 
    #####-->    Data cleaner logger for sequential hypothesis testing notebook    <--#####

INFO : 2022-09-02 16:43:04,708 : dataCleaner : __init__ --> 
    #####-->    Data cleaner logger for sequential hypothesis testing notebook    <--#####

INFO : 2022-09-02 16:46:02,614 : dataCleaner : __init__ --> 
    #####-->    Data cleaner logger for sequential hypothesis testing notebook    <--#####

INFO : 2022-09-02 16:46:17,631 : dataCleaner : __init__ --> 
    #####-->    Data cleaner logger for sequential hypothesis testing notebook    <--#####

INFO : 2022-09-02 16:46:17,631 : dataCleaner : __init__ --> 
    #####-->    Data cleaner logger for sequential hypothesis testing notebook    <--#####

INFO : 2022-09-02 16:46:36,235 : dataCleaner : __init__ --> 
    #####-->    Data cleaner logger for sequential hypothesis testing notebook    <--#####

INFO : 2022-09-02 16:46:36,235 : dataCleaner : __init__ --> 
    #####-->    Data cleaner logger for sequential hypothesis testing notebook    <--#####

INFO : 2022-09-02 16:46:36,235 : dataCleaner : __init__ --> 
    #####-->    Data cleaner logger for sequential hypothesis testing notebook    <--#####

INFO : 2022-09-02 16:47:24,823 : dataCleaner : __init__ --> 
    #####-->    Data cleaner logger for sequential hypothesis testing notebook    <--#####

INFO : 2022-09-02 16:47:24,823 : dataCleaner : __init__ --> 
    #####-->    Data cleaner logger for sequential hypothesis testing notebook    <--#####

INFO : 2022-09-02 16:47:24,823 : dataCleaner : __init__ --> 
    #####-->    Data cleaner logger for sequential hypothesis testing notebook    <--#####

INFO : 2022-09-02 16:47:24,823 : dataCleaner : __init__ --> 
    #####-->    Data cleaner logger for sequential hypothesis testing notebook    <--#####

INFO : 2022-09-02 16:49:15,116 : dataCleaner : __init__ --> 
    #####-->    Data cleaner logger for sequential hypothesis testing notebook    <--#####

INFO : 2022-09-02 16:49:15,116 : dataCleaner : __init__ --> 
    #####-->    Data cleaner logger for sequential hypothesis testing notebook    <--#####

INFO : 2022-09-02 16:49:15,116 : dataCleaner : __init__ --> 
    #####-->    Data cleaner logger for sequential hypothesis testing notebook    <--#####

INFO : 2022-09-02 16:49:15,116 : dataCleaner : __init__ --> 
    #####-->    Data cleaner logger for sequential hypothesis testing notebook    <--#####

INFO : 2022-09-02 16:49:15,116 : dataCleaner : __init__ --> 
    #####-->    Data cleaner logger for sequential hypothesis testing notebook    <--#####

INFO : 2022-09-02 16:49:39,834 : dataCleaner : __init__ --> 
    #####-->    Data cleaner logger for sequential hypothesis testing notebook    <--#####

INFO : 2022-09-02 16:52:58,830 : dataCleaner : __init__ --> 
    #####-->    Data cleaner logger for sequential hypothesis testing notebook    <--#####

INFO : 2022-09-02 16:52:58,830 : dataCleaner : __init__ --> 
    #####-->    Data cleaner logger for sequential hypothesis testing notebook    <--#####

INFO : 2022-09-02 17:18:21,972 : dataCleaner : __init__ --> 
    #####-->    Data cleaner logger for ml hypothesis testing notebook    <--#####

INFO : 2022-09-02 18:19:58,140 : dataCleaner : __init__ --> 
    #####-->    Data cleaner logger for ml hypothesis testing notebook    <--#####

INFO : 2022-09-02 18:20:30,301 : dataCleaner : __init__ --> 
    #####-->    Data cleaner logger for ml hypothesis testing notebook    <--#####

INFO : 2022-09-02 19:12:20,090 : dataCleaner : __init__ --> 
    #####-->    Data cleaner logger for ml hypothesis testing notebook    <--#####

INFO : 2022-09-02 19:12:41,852 : dataCleaner : remove_unwanted_cols --> columns: ['auction_id'] removed successfully
INFO : 2022-09-02 20:20:39,169 : dataCleaner : __init__ --> 
    #####-->    Data cleaner logger for ml hypothesis testing notebook    <--#####

INFO : 2022-09-02 20:21:45,985 : dataCleaner : remove_unwanted_cols --> columns: ['auction_id'] removed successfully
INFO : 2022-09-02 20:25:36,552 : dataCleaner : __init__ --> 
    #####-->    Data cleaner logger for ml hypothesis testing notebook    <--#####

INFO : 2022-09-02 20:25:39,928 : dataCleaner : remove_unwanted_cols --> columns: ['auction_id'] removed successfully
INFO : 2022-09-02 20:53:44,610 : dataCleaner : __init__ --> 
    #####-->    Data cleaner logger for ml hypothesis testing notebook    <--#####

INFO : 2022-09-02 20:54:57,114 : dataCleaner : remove_unwanted_cols --> columns: ['auction_id'] removed successfully
INFO : 2022-09-02 22:31:50,684 : dataCleaner : __init__ --> 
    #####-->    Data cleaner logger for ml hypothesis testing notebook    <--#####

INFO : 2022-09-02 22:31:55,711 : dataCleaner : remove_unwanted_cols --> columns: ['auction_id'] removed successfully
INFO : 2022-09-02 22:42:13,277 : dataCleaner : remove_unwanted_cols --> columns: ['Unnamed: 0'] removed successfully
INFO : 2022-09-03 10:38:23,127 : dataCleaner : __init__ --> 
    #####-->    Data cleaner logger for ml hypothesis testing notebook    <--#####

INFO : 2022-09-03 10:39:09,963 : dataCleaner : remove_unwanted_cols --> columns: ['Unnamed: 0'] removed successfully
INFO : 2022-09-03 11:02:19,346 : dataCleaner : __init__ --> 
    #####-->    Data cleaner logger for ml preprocessing notebook    <--#####

INFO : 2022-09-03 11:06:03,934 : dataCleaner : remove_unwanted_cols --> columns: ['auction_id'] removed successfully
INFO : 2022-09-03 11:18:26,983 : dataCleaner : __init__ --> 
    #####-->    Data cleaner logger for ml preprocessing notebook    <--#####

INFO : 2022-09-03 11:18:29,815 : dataCleaner : remove_unwanted_cols --> columns: ['auction_id'] removed successfully
INFO : 2022-09-03 11:22:07,697 : dataCleaner : __init__ --> 
    #####-->    Data cleaner logger for ml modeling notebook    <--#####

INFO : 2022-09-03 11:22:09,059 : dataCleaner : remove_unwanted_cols --> columns: ['Unnamed: 0'] removed successfully
INFO : 2022-09-03 11:23:43,487 : dataCleaner : __init__ --> 
    #####-->    Data cleaner logger for ml modeling notebook    <--#####

INFO : 2022-09-03 11:23:45,101 : dataCleaner : remove_unwanted_cols --> columns: ['Unnamed: 0'] removed successfully
INFO : 2022-09-03 12:44:04,184 : dataCleaner : __init__ --> 
    #####-->    Data cleaner logger for ml modeling notebook    <--#####

INFO : 2022-09-03 12:44:09,798 : dataCleaner : remove_unwanted_cols --> columns: ['Unnamed: 0'] removed successfully
