INFO : 2022-08-30 20:54:56,049 : dataVisualizer : __init__ --> data visualier logger for EDA notebook.
INFO : 2022-08-30 21:03:39,292 : dataVisualizer : plot_count --> setting up count plot
INFO : 2022-08-30 21:03:42,491 : dataVisualizer : plot_count --> <function title at 0x0000023563321BD0> count plot ploted successfully
INFO : 2022-08-30 21:08:09,638 : dataVisualizer : __init__ --> data visualier logger for EDA notebook.
INFO : 2022-08-30 21:08:14,249 : dataVisualizer : plot_count --> setting up count plot
INFO : 2022-08-30 21:08:14,846 : dataVisualizer : plot_count --> experiment count plot ploted successfully
INFO : 2022-08-30 21:10:15,276 : dataVisualizer : __init__ --> 

data visualier logger for EDA notebook.
INFO : 2022-08-30 21:10:20,412 : dataVisualizer : plot_count --> setting up count plot
INFO : 2022-08-30 21:10:21,105 : dataVisualizer : plot_count --> experiment count plot ploted successfully
INFO : 2022-08-30 21:11:21,055 : dataVisualizer : __init__ --> 

data visualier logger for EDA notebook.
INFO : 2022-08-30 21:11:24,476 : dataVisualizer : plot_count --> setting up count plot
INFO : 2022-08-30 21:11:25,168 : dataVisualizer : plot_count --> experiment count plot ploted successfully
INFO : 2022-08-30 21:13:25,100 : dataVisualizer : __init__ --> data visualier logger for EDA notebook.
INFO : 2022-08-30 21:13:30,628 : dataVisualizer : plot_count --> setting up count plot
INFO : 2022-08-30 21:13:31,569 : dataVisualizer : plot_count --> experiment count plot ploted successfully
INFO : 2022-08-30 21:20:59,325 : dataVisualizer : __init__ --> data visualier logger for EDA notebook.
INFO : 2022-08-30 21:21:30,516 : dataVisualizer : __init__ --> data visualier logger for EDA notebook.
INFO : 2022-08-30 21:21:30,516 : dataVisualizer : __init__ --> data visualier logger for EDA notebook.
INFO : 2022-08-30 21:21:51,356 : dataVisualizer : __init__ --> data visualier logger for EDA notebook.
INFO : 2022-08-30 21:21:54,906 : dataVisualizer : plot_count --> setting up count plot
INFO : 2022-08-30 21:21:55,666 : dataVisualizer : plot_count --> experiment count plot ploted successfully
INFO : 2022-08-30 21:25:56,552 : dataVisualizer : __init__ --> data visualier logger for EDA notebook.
INFO : 2022-08-30 21:26:00,962 : dataVisualizer : plot_count --> setting up count plot
INFO : 2022-08-30 21:26:01,685 : dataVisualizer : plot_count --> experiment count plot ploted successfully
INFO : 2022-08-30 21:31:12,062 : dataVisualizer : __init__ --> data visualier logger for EDA notebook.
INFO : 2022-08-30 21:31:22,238 : dataVisualizer : plot_count --> setting up count plot
INFO : 2022-08-30 21:31:24,421 : dataVisualizer : plot_count --> experiment count plot ploted successfully
INFO : 2022-08-30 21:34:49,796 : dataVisualizer : __init__ --> data visualier logger for EDA notebook.
INFO : 2022-08-30 21:34:56,881 : dataVisualizer : plot_count --> setting up count plot
INFO : 2022-08-30 21:34:59,331 : dataVisualizer : plot_count --> experiment count plot ploted successfully
